-------------------------------------------------------------------------------
Test set: Project.management.components.assemblers.BasicMedicalHistoryInfoAssemblerTests
-------------------------------------------------------------------------------
Tests run: 1, Failures: 1, Errors: 0, Skipped: 0, Time elapsed: 2.981 s <<< FAILURE! -- in Project.management.components.assemblers.BasicMedicalHistoryInfoAssemblerTests
Project.management.components.assemblers.BasicMedicalHistoryInfoAssemblerTests.testCreateSuccess -- Time elapsed: 0.330 s <<< FAILURE!
org.opentest4j.AssertionFailedError: expected: <Project.management.entities.BasicMedicalHistoryInfo@4f8641d1> but was: <Project.management.entities.BasicMedicalHistoryInfo@6d6ddeb5>
	at org.junit.jupiter.api.AssertionFailureBuilder.build(AssertionFailureBuilder.java:151)
	at org.junit.jupiter.api.AssertionFailureBuilder.buildAndThrow(AssertionFailureBuilder.java:132)
	at org.junit.jupiter.api.AssertEquals.failNotEqual(AssertEquals.java:197)
	at org.junit.jupiter.api.AssertEquals.assertEquals(AssertEquals.java:182)
	at org.junit.jupiter.api.AssertEquals.assertEquals(AssertEquals.java:177)
	at org.junit.jupiter.api.Assertions.assertEquals(Assertions.java:1145)
	at Project.management.components.assemblers.BasicMedicalHistoryInfoAssemblerTests.testCreateSuccess(BasicMedicalHistoryInfoAssemblerTests.java:59)
	at java.base/java.lang.reflect.Method.invoke(Method.java:580)
	at java.base/java.util.ArrayList.forEach(ArrayList.java:1596)
	at java.base/java.util.ArrayList.forEach(ArrayList.java:1596)

