<?xml version="1.0" encoding="UTF-8"?>
<testsuite xmlns:xsi="http://www.w3.org/2001/XMLSchema-instance" xsi:noNamespaceSchemaLocation="https://maven.apache.org/surefire/maven-surefire-plugin/xsd/surefire-test-report-3.0.xsd" version="3.0" name="Project.management.components.assemblers.BasicMedicalHistoryInfoAssemblerTests" time="2.981" tests="1" errors="0" skipped="0" failures="1">
  <properties>
[...]
</properties>
  <testcase name="testCreateSuccess" classname="Project.management.components.assemblers.BasicMedicalHistoryInfoAssemblerTests" time="0.33">
    <failure message="expected: &lt;Project.management.entities.BasicMedicalHistoryInfo@4f8641d1&gt; but was: &lt;Project.management.entities.BasicMedicalHistoryInfo@6d6ddeb5&gt;" type="org.opentest4j.AssertionFailedError"><![CDATA[org.opentest4j.AssertionFailedError: expected: <Project.management.entities.BasicMedicalHistoryInfo@4f8641d1> but was: <Project.management.entities.BasicMedicalHistoryInfo@6d6ddeb5>
	at org.junit.jupiter.api.AssertionFailureBuilder.build(AssertionFailureBuilder.java:151)
	at org.junit.jupiter.api.AssertionFailureBuilder.buildAndThrow(AssertionFailureBuilder.java:132)
	at org.junit.jupiter.api.AssertEquals.failNotEqual(AssertEquals.java:197)
	at org.junit.jupiter.api.AssertEquals.assertEquals(AssertEquals.java:182)
	at org.junit.jupiter.api.AssertEquals.assertEquals(AssertEquals.java:177)
	at org.junit.jupiter.api.Assertions.assertEquals(Assertions.java:1145)
	at Project.management.components.assemblers.BasicMedicalHistoryInfoAssemblerTests.testCreateSuccess(BasicMedicalHistoryInfoAssemblerTests.java:59)
	at java.base/java.lang.reflect.Method.invoke(Method.java:580)
	at java.base/java.util.ArrayList.forEach(ArrayList.java:1596)
	at java.base/java.util.ArrayList.forEach(ArrayList.java:1596)
]]></failure>
    <system-out><![CDATA[09:45:32.081 [main] INFO org.springframework.test.context.support.AnnotationConfigContextLoaderUtils -- Could not detect default configuration classes for test class [Project.management.components.assemblers.BasicMedicalHistoryInfoAssemblerTests]: BasicMedicalHistoryInfoAssemblerTests does not declare any static, non-private, non-final, nested classes annotated with @Configuration.
09:45:32.181 [main] INFO org.springframework.boot.test.context.SpringBootTestContextBootstrapper -- Found @SpringBootConfiguration Project.management.ManagementApplication for test class Project.management.components.assemblers.BasicMedicalHistoryInfoAssemblerTests

  .   ____          _            __ _ _
 /\\ / ___'_ __ _ _(_)_ __  __ _ \ \ \ \
( ( )\___ | '_ | '_| | '_ \/ _` | \ \ \ \
 \\/  ___)| |_)| | | | | || (_| |  ) ) ) )
  '  |____| .__|_| |_|_| |_\__, | / / / /
 =========|_|==============|___/=/_/_/_/
 :: Spring Boot ::                (v3.2.2)

2026-02-26T09:45:32.473+01:00  INFO 23604 --- [           main] .a.BasicMedicalHistoryInfoAssemblerTests : Starting BasicMedicalHistoryInfoAssemblerTests using Java 21.0.10 with PID 23604 (started by redpa in C:\Users\redpa\Desktop\ehr-project-se\Project\BackEnd\Management)
2026-02-26T09:45:32.474+01:00  INFO 23604 --- [           main] .a.BasicMedicalHistoryInfoAssemblerTests : No active profile set, falling back to 1 default profile: "default"
2026-02-26T09:45:32.773+01:00  INFO 23604 --- [           main] .s.d.r.c.RepositoryConfigurationDelegate : Bootstrapping Spring Data JPA repositories in DEFAULT mode.
2026-02-26T09:45:32.838+01:00  INFO 23604 --- [           main] .s.d.r.c.RepositoryConfigurationDelegate : Finished Spring Data repository scanning in 58 ms. Found 5 JPA repository interfaces.
2026-02-26T09:45:32.895+01:00  INFO 23604 --- [           main] beddedDataSourceBeanFactoryPostProcessor : Replacing 'dataSource' DataSource bean with embedded version
2026-02-26T09:45:33.027+01:00  INFO 23604 --- [           main] o.s.j.d.e.EmbeddedDatabaseFactory        : Starting embedded database: url='jdbc:h2:mem:2d2b2b4e-0593-4de8-a2b0-d0df3938a3a6;DB_CLOSE_DELAY=-1;DB_CLOSE_ON_EXIT=false', username='sa'
2026-02-26T09:45:33.225+01:00  INFO 23604 --- [           main] o.hibernate.jpa.internal.util.LogHelper  : HHH000204: Processing PersistenceUnitInfo [name: default]
2026-02-26T09:45:33.268+01:00  INFO 23604 --- [           main] org.hibernate.Version                    : HHH000412: Hibernate ORM core version 6.4.1.Final
2026-02-26T09:45:33.291+01:00  INFO 23604 --- [           main] o.h.c.internal.RegionFactoryInitiator    : HHH000026: Second-level cache disabled
2026-02-26T09:45:33.468+01:00  INFO 23604 --- [           main] o.s.o.j.p.SpringPersistenceUnitInfo      : No LoadTimeWeaver setup: ignoring JPA class transformer
2026-02-26T09:45:33.510+01:00  WARN 23604 --- [           main] org.hibernate.dialect.Dialect            : HHH000511: The 2.2.0 version for [org.hibernate.dialect.PostgreSQLDialect] is no longer supported, hence certain features may not work properly. The minimum supported version is 12.0.0. Check the community dialects project for available legacy versions.
2026-02-26T09:45:33.514+01:00  WARN 23604 --- [           main] org.hibernate.orm.deprecation            : HHH90000025: PostgreSQLDialect does not need to be specified explicitly using 'hibernate.dialect' (remove the property setting and it will be selected by default)
2026-02-26T09:45:34.266+01:00  INFO 23604 --- [           main] o.h.e.t.j.p.i.JtaPlatformInitiator       : HHH000489: No JTA platform available (set 'hibernate.transaction.jta.platform' to enable JTA platform integration)
Hibernate: create table appointment (id bigserial not null, end_date timestamp(6) not null, reason_for_visit varchar(100) not null, start_date timestamp(6) not null, id_user bigint not null, id_patient bigint not null, primary key (id))
Hibernate: create table basic_medical_history_info (label varchar(50) not null, type varchar(50) not null check (type in ('ALLERGY','GYNECO_OBSETETRIC','HYGIENE_DIETETIC','PARACLINICAL','PREVIOUSILLNESS','SEXUAL_ACTIVITY','SURGERY','UROGENITAL')), id bigint not null, primary key (id))
Hibernate: create table consultation_item (id bigserial not null, consultation_id bigint, primary key (id))
Hibernate: create table consultations (id bigserial not null, clinical_exam varchar(50) not null, conduct_to_follow varchar(50) not null, diagnosis varchar(50) not null, illness_history varchar(50) not null, note varchar(50) not null, paraclinical_exam varchar(50) not null, parameters float(53) array not null, reason_for_visit varchar(50) not null, requested_exams varchar(50) not null, patient_id bigint, primary key (id))
Hibernate: create table courier (document_url varchar(50) not null, type varchar(50) not null check (type in ('PRESCRIPTION','DOCUMENT','LAB_EXAM','COURIER','REPORT')), id bigint not null, primary key (id))
Hibernate: create table document (document_name varchar(50) not null, document_url varchar(50) not null, type varchar(50) not null check (type in ('PRESCRIPTION','DOCUMENT','LAB_EXAM','COURIER','REPORT')), id bigint not null, primary key (id))
Hibernate: create table gyneco_obstetric (abortion varchar(50) not null, bcg boolean not null, c_section varchar(50) not null, cycle_length varchar(50) not null, cycle_nature varchar(50) not null, duration varchar(50) not null, dysmenorrhea boolean not null, dyspareunia boolean not null, endometriosis boolean not null, first_rules varchar(50) not null, geu varchar(50) not null, iud varchar(50) not null, note_anamoly varchar(50) not null, note_contraception varchar(50) not null, oral_contraceptives varchar(50) not null, pregnancy_desire varchar(50) not null, previous_pregnancies varchar(50) not null, reporting_frequency varchar(50) not null, salpingitis boolean not null, type varchar(255) not null check (type in ('ALLERGY','GYNECO_OBSETETRIC','HYGIENE_DIETETIC','PARACLINICAL','PREVIOUSILLNESS','SEXUAL_ACTIVITY','SURGERY','UROGENITAL')), urogenital_tuborculosis boolean not null, id bigint not null, primary key (id))
Hibernate: create table lab_exam (date date not null, type varchar(50) not null check (type in ('PRESCRIPTION','DOCUMENT','LAB_EXAM','COURIER','REPORT')), id bigint not null, primary key (id))
Hibernate: create table lab_exam_item (id bigserial not null, label varchar(255) not null, lab_exam_id bigint, primary key (id))
Hibernate: create table medical_history_info (id bigserial not null, patient_id bigint, primary key (id))
Hibernate: create table medication (id bigserial not null, daily_intake bigint not null, label varchar(50) not null, prescription_id bigint, primary key (id))
Hibernate: create table patient (id bigserial not null, address varchar(50) not null, country varchar(255) not null check (country in ('AFGHANISTAN','AFRIQUE_DU_SUD','ALBANIE','ALGERIE','ALLEMAGNE','ANDORRE','ANGOLA','ANTIGUA_ET_BARBUDA','ARABIE_SAOUDITE','ARGENTINE','ARMENIE','AUSTRALIE','AUTRICHE','AZERBAIDJAN','BAHAMAS','BAHREIN','BANGLADESH','BARBADE','BELGIQUE','BELIZE','BENIN','BHOUTAN','BIELORUSSIE','BIRMANIE','BOLIVIE','BOSNIE_HERZEGOVINE','BOTSWANA','BRESIL','BRUNEI','BULGARIE','BURKINA_FASO','BURUNDI','CAMBODGE','CAMEROUN','CANADA','CAP_VERT','CHILI','CHINE','CHYPRE','COLOMBIE','COMORES','CONGO_BRAZZAVILLE','CONGO_KINSHASA','COREE_DU_NORD','COREE_DU_SUD','COSTA_RICA','COTE_D_IVOIRE','CROATIE','CUBA','DANEMARK','DJIBOUTI','DOMINIQUE','EGYPTE','EMIRATS_ARABES_UNIS','EQUATEUR','ERYTREE','ESPAGNE','ESTONIE','ESWATINI','ETATS_UNIS','ETHIOPIE','FIDJI','FINLANDE','FRANCE','GABON','GAMBIE','GEORGIE','GHANA','GRECE','GRENADE','GUATEMALA','GUINEE','GUINEE_EQUATORIALE','GUINEE_BISSAU','GUYANA','HAITI','HONDURAS','HONGRIE','INDE','INDONESIE','IRAK','IRAN','IRLANDE','ISLANDE','ITALIE','JAMAIQUE','JAPON','JORDANIE','KAZAKHSTAN','KENYA','KIRGHIZISTAN','KIRIBATI','KOWEIT','LAOS','LESOTHO','LETTONIE','LIBAN','LIBERIA','LIBYE','LIECHTENSTEIN','LITUANIE','LUXEMBOURG','MACEDOINE_DU_NORD','MADAGASCAR','MALAISIE','MALAWI','MALDIVES','MALI','MALTE','MAROC','MARSHALL','MAURICE','MAURITANIE','MEXIQUE','MICRONESIE','MOLDAVIE','MONACO','MONGOLIE','MONTENEGRO','MOZAMBIQUE','NAMIBIE','NAURU','NEPAL','NICARAGUA','NIGER','NIGERIA','NIUE','NORVEGE','NOUVELLE_ZELANDE','OMAN','OUGANDA','OUZBEKISTAN','PAKISTAN','PALAOS','PALESTINE','PANAMA','PAPOUASIE_NOUVELLE_GUINEE','PARAGUAY','PAYS_BAS','PEROU','PHILIPPINES','POLOGNE','PORTUGAL','QATAR','REPUBLIQUE_CENTRAFRICAINE','REPUBLIQUE_DOMINICAINE','REPUBLIQUE_TCHEQUE','ROUMANIE','ROYAUME_UNI','RUSSIE','RWANDA','SAINT_CHRISTOPHE_ET_NIEVES','SAINTE_LUCIE','SAINT_MARIN','SAINT_VINCENT_ET_LES_GRENADINES','SALOMON','SALVADOR','SAMOA','SAO_TOME_ET_PRINCIPE','SENEGAL','SERBIE','SEYCHELLES','SIERRA_LEONE','SINGAPOUR','SLOVAQUIE','SLOVENIE','SOMALIE','SOUDAN','SOUDAN_DU_SUD','SRI_LANKA','SUEDE','SUISSE','SURINAME','SYRIE','TADJIKISTAN','TANZANIE','TCHAD','THAILANDE','TIMOR_ORIENTAL','TOGO','TONGA','TRINITE_ET_TOBAGO','TUNISIE','TURKMENISTAN','TURQUIE','TUVALU','UKRAINE','URUGUAY','VANUATU','VATICAN','VENEZUELA','VIETNAM','YEMEN','ZAMBIE','ZIMBABWE')), county varchar(50) not null, date_birth date not null, department varchar(50) not null, email varchar(50) not null, family_situation varchar(255) not null check (family_situation in ('Célibataire','Marié','Divorcé','Veuf','Veuve')), father_name varchar(50) not null, first_name varchar(50) not null, last_name varchar(50) not null, mother_name varchar(50) not null, place_birth varchar(50) not null, sexe varchar(255) not null check (sexe in ('HOMME','FEMME')), tel1 varchar(15) not null, tel2 varchar(15) not null, primary key (id))
Hibernate: create table prescription (date date not null, type varchar(50) not null check (type in ('PRESCRIPTION','DOCUMENT','LAB_EXAM','COURIER','REPORT')), id bigint not null, primary key (id))
Hibernate: create table report (document_url varchar(50) not null, type varchar(50) not null check (type in ('PRESCRIPTION','DOCUMENT','LAB_EXAM','COURIER','REPORT')), id bigint not null, primary key (id))
Hibernate: alter table if exists patient drop constraint if exists UK_bawli8xm92f30ei6x9p3h8eju
Hibernate: alter table if exists patient add constraint UK_bawli8xm92f30ei6x9p3h8eju unique (email)
Hibernate: alter table if exists appointment add constraint FK7mgsjrxjhqelje801yaod8c10 foreign key (id_patient) references patient
Hibernate: alter table if exists basic_medical_history_info add constraint FKmxy9tq47esjg0txcmlnfa7h2s foreign key (id) references medical_history_info
Hibernate: alter table if exists consultation_item add constraint FKj6p6ntqvhudcb6034tud5c4w foreign key (consultation_id) references consultations
Hibernate: alter table if exists consultations add constraint FK8hb2fcvhv7jm0qp4y4kpdmy3c foreign key (patient_id) references patient
Hibernate: alter table if exists courier add constraint FKnx0gr69m8la6hsxse25ty4riw foreign key (id) references consultation_item
Hibernate: alter table if exists document add constraint FKcwij281k5lf1klovxdnbywwxd foreign key (id) references consultation_item
Hibernate: alter table if exists gyneco_obstetric add constraint FKa3p74qe70u41l3ysysohl0lf3 foreign key (id) references medical_history_info
Hibernate: alter table if exists lab_exam add constraint FK38prif8ah89mx5eshnl6cdq56 foreign key (id) references consultation_item
Hibernate: alter table if exists lab_exam_item add constraint FKbpv6mdonmb4u388xtfwwnvah1 foreign key (lab_exam_id) references lab_exam
Hibernate: alter table if exists medical_history_info add constraint FK1ir37uovns0g5uq5yxgykmr4h foreign key (patient_id) references patient
Hibernate: alter table if exists medication add constraint FKiwq0ga4lun6iwyqkwyy5nf8et foreign key (prescription_id) references prescription
Hibernate: alter table if exists prescription add constraint FKbt60o1a1imtt9algfcnuifk2l foreign key (id) references consultation_item
Hibernate: alter table if exists report add constraint FKt56kb92n1qwtdiluattqo8nyj foreign key (id) references consultation_item
2026-02-26T09:45:34.321+01:00  INFO 23604 --- [           main] j.LocalContainerEntityManagerFactoryBean : Initialized JPA EntityManagerFactory for persistence unit 'default'
2026-02-26T09:45:34.586+01:00  INFO 23604 --- [           main] .a.BasicMedicalHistoryInfoAssemblerTests : Started BasicMedicalHistoryInfoAssemblerTests in 2.354 seconds (process running for 3.057)
]]></system-out>
    <system-err><![CDATA[WARNING: A Java agent has been loaded dynamically (C:\Users\redpa\.m2\repository\net\bytebuddy\byte-buddy-agent\1.14.11\byte-buddy-agent-1.14.11.jar)
WARNING: If a serviceability tool is in use, please run with -XX:+EnableDynamicAgentLoading to hide this warning
WARNING: If a serviceability tool is not in use, please run with -Djdk.instrument.traceUsage for more information
WARNING: Dynamic loading of agents will be disallowed by default in a future release
]]></system-err>
  </testcase>
</testsuite>